<?xml version="1.0" encoding="UTF-8"?>
<!-- Generated by org.testng.reporters.JUnitReportReporter -->
<testsuite hostname="hien144-Swift-SF315-52" failures="0" tests="1" name="test.SearchHotelTest" time="33.573" errors="0" timestamp="27 May 2023 00:51:29 GMT">
  <testcase classname="test.SearchHotelTest" name="test" time="33.573"/>
</testsuite> <!-- test.SearchHotelTest -->
