<?xml version="1.0" encoding="UTF-8"?>
<!-- Generated by org.testng.reporters.JUnitReportReporter -->
<testsuite hostname="hien144-Swift-SF315-52" failures="0" tests="1" name="test.HomeSearchTest" time="33.348" errors="0" timestamp="27 May 2023 00:25:22 GMT">
  <testcase classname="test.HomeSearchTest" name="test" time="33.348"/>
</testsuite> <!-- test.HomeSearchTest -->
