<?xml version="1.0" encoding="UTF-8"?>
<!-- Generated by org.testng.reporters.JUnitReportReporter -->
<testsuite hostname="hien144-Swift-SF315-52" failures="0" tests="1" name="test.LoginTest" time="52.245" errors="0" timestamp="27 May 2023 00:18:19 GMT">
  <testcase classname="test.LoginTest" name="test" time="52.245"/>
</testsuite> <!-- test.LoginTest -->
