<?xml version="1.0" encoding="UTF-8"?>
<!-- Generated by org.testng.reporters.JUnitReportReporter -->
<testsuite hostname="hien144-Swift-SF315-52" failures="0" tests="1" name="test.RateTest" time="86.945" errors="0" timestamp="27 May 2023 01:51:43 GMT">
  <testcase classname="test.RateTest" name="test" time="86.945"/>
</testsuite> <!-- test.RateTest -->
