<?xml version="1.0" encoding="UTF-8"?>
<!-- Generated by org.testng.reporters.JUnitReportReporter -->
<testsuite hostname="hien144-Swift-SF315-52" failures="1" tests="1" name="test.BookTwoTest" time="259.580" errors="0" timestamp="27 May 2023 01:49:59 GMT">
  <testcase classname="test.BookTwoTest" name="test" time="259.580">
    <failure message="An unknown server-side error occurred while processing the command. Original error: Could not proxy command to the remote server. Original error: socket hang up
Build info: version: &#039;4.6.0&#039;, revision: &#039;79f1c02ae20&#039;
System info: os.name: &#039;Linux&#039;, os.arch: &#039;amd64&#039;, os.version: &#039;5.19.0-42-generic&#039;, java.version: &#039;17.0.5&#039;
Driver info: io.appium.java_client.android.AndroidDriver
Command: [feacd786-5521-4ba0-b331-78ffe0edf467, findElement {using=xpath, value=//*[@resource-id=&#039;add-password&#039;]}]
Capabilities {appium:appActivity: com.tripadvisor.android.ui...., appium:appPackage: com.tripadvisor.tripadvisor, appium:databaseEnabled: false, appium:desired: {appActivity: com.tripadvisor.android.ui...., appPackage: com.tripadvisor.tripadvisor, deviceName: First, platformName: android, platformVersion: 11, resetKeyboard: true, unicodeKeyboard: true, uuid: 16eec1ec}, appium:deviceApiLevel: 30, appium:deviceManufacturer: Xiaomi, appium:deviceModel: Redmi Note 8, appium:deviceName: 16eec1ec, appium:deviceScreenDensity: 440, appium:deviceScreenSize: 1080x2340, appium:deviceUDID: 16eec1ec, appium:javascriptEnabled: true, appium:locationContextEnabled: false, appium:networkConnectionEnabled: true, appium:pixelRatio: 2.75, appium:platformVersion: 11, appium:resetKeyboard: true, appium:statBarHeight: 80, appium:takesScreenshot: true, appium:unicodeKeyboard: true, appium:uuid: 16eec1ec, appium:viewportRect: {height: 2136, left: 0, top: 80, width: 1080}, appium:warnings: {}, appium:webStorageEnabled: false, platformName: ANDROID}
Session ID: feacd786-5521-4ba0-b331-78ffe0edf467" type="org.openqa.selenium.WebDriverException">
      <![CDATA[org.openqa.selenium.WebDriverException: An unknown server-side error occurred while processing the command. Original error: Could not proxy command to the remote server. Original error: socket hang up
Build info: version: '4.6.0', revision: '79f1c02ae20'
System info: os.name: 'Linux', os.arch: 'amd64', os.version: '5.19.0-42-generic', java.version: '17.0.5'
Driver info: io.appium.java_client.android.AndroidDriver
Command: [feacd786-5521-4ba0-b331-78ffe0edf467, findElement {using=xpath, value=//*[@resource-id='add-password']}]
Capabilities {appium:appActivity: com.tripadvisor.android.ui...., appium:appPackage: com.tripadvisor.tripadvisor, appium:databaseEnabled: false, appium:desired: {appActivity: com.tripadvisor.android.ui...., appPackage: com.tripadvisor.tripadvisor, deviceName: First, platformName: android, platformVersion: 11, resetKeyboard: true, unicodeKeyboard: true, uuid: 16eec1ec}, appium:deviceApiLevel: 30, appium:deviceManufacturer: Xiaomi, appium:deviceModel: Redmi Note 8, appium:deviceName: 16eec1ec, appium:deviceScreenDensity: 440, appium:deviceScreenSize: 1080x2340, appium:deviceUDID: 16eec1ec, appium:javascriptEnabled: true, appium:locationContextEnabled: false, appium:networkConnectionEnabled: true, appium:pixelRatio: 2.75, appium:platformVersion: 11, appium:resetKeyboard: true, appium:statBarHeight: 80, appium:takesScreenshot: true, appium:unicodeKeyboard: true, appium:uuid: 16eec1ec, appium:viewportRect: {height: 2136, left: 0, top: 80, width: 1080}, appium:warnings: {}, appium:webStorageEnabled: false, platformName: ANDROID}
Session ID: feacd786-5521-4ba0-b331-78ffe0edf467
	at java.base/jdk.internal.reflect.NativeConstructorAccessorImpl.newInstance0(Native Method)
	at java.base/jdk.internal.reflect.NativeConstructorAccessorImpl.newInstance(NativeConstructorAccessorImpl.java:77)
	at java.base/jdk.internal.reflect.DelegatingConstructorAccessorImpl.newInstance(DelegatingConstructorAccessorImpl.java:45)
	at java.base/java.lang.reflect.Constructor.newInstanceWithCaller(Constructor.java:499)
	at java.base/java.lang.reflect.Constructor.newInstance(Constructor.java:480)
	at org.openqa.selenium.remote.codec.w3c.W3CHttpResponseCodec.createException(W3CHttpResponseCodec.java:200)
	at org.openqa.selenium.remote.codec.w3c.W3CHttpResponseCodec.decode(W3CHttpResponseCodec.java:133)
	at org.openqa.selenium.remote.codec.w3c.W3CHttpResponseCodec.decode(W3CHttpResponseCodec.java:53)
	at org.openqa.selenium.remote.HttpCommandExecutor.execute(HttpCommandExecutor.java:184)
	at io.appium.java_client.remote.AppiumCommandExecutor.execute(AppiumCommandExecutor.java:189)
	at org.openqa.selenium.remote.RemoteWebDriver.execute(RemoteWebDriver.java:541)
	at org.openqa.selenium.remote.ElementLocation$ElementFinder$2.findElement(ElementLocation.java:162)
	at org.openqa.selenium.remote.ElementLocation.findElement(ElementLocation.java:60)
	at org.openqa.selenium.remote.RemoteWebDriver.findElement(RemoteWebDriver.java:365)
	at org.openqa.selenium.remote.RemoteWebDriver.findElement(RemoteWebDriver.java:357)
	at core.Common.isElementPresent(Common.java:28)
	at core.Common.getElementBy(Common.java:48)
	at test.BookTwoTest.test(BookTwoTest.java:229)
	at java.base/jdk.internal.reflect.NativeMethodAccessorImpl.invoke0(Native Method)
	at java.base/jdk.internal.reflect.NativeMethodAccessorImpl.invoke(NativeMethodAccessorImpl.java:77)
	at java.base/jdk.internal.reflect.DelegatingMethodAccessorImpl.invoke(DelegatingMethodAccessorImpl.java:43)
	at java.base/java.lang.reflect.Method.invoke(Method.java:568)
	at org.testng.internal.MethodInvocationHelper.invokeMethod(MethodInvocationHelper.java:80)
	at org.testng.internal.Invoker.invokeMethod(Invoker.java:714)
	at org.testng.internal.Invoker.invokeTestMethod(Invoker.java:901)
	at org.testng.internal.Invoker.invokeTestMethods(Invoker.java:1231)
	at org.testng.internal.TestMethodWorker.invokeTestMethods(TestMethodWorker.java:127)
	at org.testng.internal.TestMethodWorker.run(TestMethodWorker.java:111)
	at org.testng.TestRunner.privateRun(TestRunner.java:767)
	at org.testng.TestRunner.run(TestRunner.java:617)
	at org.testng.SuiteRunner.runTest(SuiteRunner.java:334)
	at org.testng.SuiteRunner.runSequentially(SuiteRunner.java:329)
	at org.testng.SuiteRunner.privateRun(SuiteRunner.java:291)
	at org.testng.SuiteRunner.run(SuiteRunner.java:240)
	at org.testng.SuiteRunnerWorker.runSuite(SuiteRunnerWorker.java:52)
	at org.testng.SuiteRunnerWorker.run(SuiteRunnerWorker.java:86)
	at org.testng.TestNG.runSuitesSequentially(TestNG.java:1198)
	at org.testng.TestNG.runSuitesLocally(TestNG.java:1123)
	at org.testng.TestNG.run(TestNG.java:1031)
	at org.testng.remote.AbstractRemoteTestNG.run(AbstractRemoteTestNG.java:115)
	at org.testng.remote.RemoteTestNG.initAndRun(RemoteTestNG.java:251)
	at org.testng.remote.RemoteTestNG.main(RemoteTestNG.java:77)
]]>
    </failure>
  </testcase> <!-- test -->
</testsuite> <!-- test.BookTwoTest -->
