<?xml version="1.0" encoding="UTF-8"?>
<!-- Generated by org.testng.reporters.JUnitReportReporter -->
<testsuite hostname="hien144-Swift-SF315-52" failures="0" tests="1" name="test.test" time="0.004" errors="0" timestamp="26 May 2023 14:32:37 GMT">
  <testcase classname="test.test" name="test" time="0.004"/>
</testsuite> <!-- test.test -->
